0 verbose cli /usr/local/bin/node /usr/local/bin/npm
1 info using npm@11.9.0
2 info using node@v24.14.0
3 silly config load:file:/usr/local/lib/node_modules/npm/npmrc
4 silly config load:file:/Users/ayham/Desktop/AxentriX/.npmrc
5 silly config load:file:/Users/ayham/.npmrc
6 silly config load:file:/Users/ayham/Desktop/AxentriX/etc/npmrc
7 verbose title npm install @splinetool/react-spline @splinetool/runtime
8 verbose argv "install" "--prefix" "./" "--cache" "./.npm-cache" "@splinetool/react-spline" "@splinetool/runtime"
9 verbose logfile logs-max:10 dir:/Users/ayham/Desktop/AxentriX/.npm-cache/_logs/2026-03-31T21_38_14_915Z-
10 verbose logfile /Users/ayham/Desktop/AxentriX/.npm-cache/_logs/2026-03-31T21_38_14_915Z-debug-0.log
11 silly logfile done cleaning log files
12 silly packumentCache heap:4496293888 maxSize:1124073472 maxEntrySize:562036736
13 silly idealTree buildDeps
14 silly fetch manifest @splinetool/react-spline@*
15 silly packumentCache full:https://registry.npmjs.org/@splinetool%2freact-spline cache-miss
16 http fetch GET 200 https://registry.npmjs.org/npm 360ms
17 http fetch GET 200 https://registry.npmjs.org/@splinetool%2freact-spline 179ms (cache miss)
18 silly packumentCache full:https://registry.npmjs.org/@splinetool%2freact-spline set size:undefined disposed:false
19 silly fetch manifest @splinetool/runtime@*
20 silly packumentCache full:https://registry.npmjs.org/@splinetool%2fruntime cache-miss
21 http fetch GET 200 https://registry.npmjs.org/@splinetool%2fruntime 129ms (cache miss)
22 silly packumentCache full:https://registry.npmjs.org/@splinetool%2fruntime set size:undefined disposed:false
23 silly fetch manifest next@16.2.1
24 silly packumentCache full:https://registry.npmjs.org/next cache-miss
25 http fetch GET 200 https://registry.npmjs.org/next 633ms (cache miss)
26 silly packumentCache full:https://registry.npmjs.org/next set size:undefined disposed:false
27 silly fetch manifest @opentelemetry/api@^1.1.0
28 silly packumentCache full:https://registry.npmjs.org/@opentelemetry%2fapi cache-miss
29 http fetch GET 200 https://registry.npmjs.org/@opentelemetry%2fapi 1133ms (cache miss)
30 silly packumentCache full:https://registry.npmjs.org/@opentelemetry%2fapi set size:undefined disposed:false
31 silly fetch manifest @playwright/test@^1.51.1
32 silly packumentCache full:https://registry.npmjs.org/@playwright%2ftest cache-miss
33 http fetch GET 200 https://registry.npmjs.org/@playwright%2ftest 1003ms (cache miss)
34 silly packumentCache full:https://registry.npmjs.org/@playwright%2ftest set size:undefined disposed:false
35 silly fetch manifest babel-plugin-react-compiler@*
36 silly packumentCache full:https://registry.npmjs.org/babel-plugin-react-compiler cache-miss
37 http fetch GET 200 https://registry.npmjs.org/babel-plugin-react-compiler 253ms (cache miss)
38 silly packumentCache full:https://registry.npmjs.org/babel-plugin-react-compiler set size:undefined disposed:false
39 silly fetch manifest react@19.2.4
40 silly packumentCache full:https://registry.npmjs.org/react cache-miss
41 http fetch GET 200 https://registry.npmjs.org/react 232ms (cache miss)
42 silly packumentCache full:https://registry.npmjs.org/react set size:undefined disposed:false
43 silly fetch manifest react-dom@19.2.4
44 silly packumentCache full:https://registry.npmjs.org/react-dom cache-miss
45 http fetch GET 200 https://registry.npmjs.org/react-dom 195ms (cache miss)
46 silly packumentCache full:https://registry.npmjs.org/react-dom set size:undefined disposed:false
47 silly fetch manifest sass@^1.3.0
48 silly packumentCache full:https://registry.npmjs.org/sass cache-miss
49 http fetch GET 200 https://registry.npmjs.org/sass 486ms (cache miss)
50 silly packumentCache full:https://registry.npmjs.org/sass set size:undefined disposed:false
51 silly placeDep ROOT @splinetool/react-spline@4.1.0 OK for: tmp-next@0.1.0 want: *
52 silly placeDep ROOT @splinetool/runtime@1.12.73 OK for: @splinetool/react-spline@4.1.0 want: *
53 silly placeDep ROOT @splinetool/runtime@1.12.73 REPLACE for: tmp-next@0.1.0 want: *
54 silly fetch manifest blurhash@2.0.5
55 silly packumentCache full:https://registry.npmjs.org/blurhash cache-miss
56 silly fetch manifest lodash.debounce@4.0.8
57 silly packumentCache full:https://registry.npmjs.org/lodash.debounce cache-miss
58 silly fetch manifest react-merge-refs@2.1.1
59 silly packumentCache full:https://registry.npmjs.org/react-merge-refs cache-miss
60 silly fetch manifest thumbhash@0.1.1
61 silly packumentCache full:https://registry.npmjs.org/thumbhash cache-miss
62 silly fetch manifest on-change@4.0.0
63 silly packumentCache full:https://registry.npmjs.org/on-change cache-miss
64 silly fetch manifest semver-compare@1.0.0
65 silly packumentCache full:https://registry.npmjs.org/semver-compare cache-miss
66 silly fetch manifest on-change@4.0.0
67 silly packumentCache full:https://registry.npmjs.org/on-change cache-miss
68 http fetch GET 200 https://registry.npmjs.org/semver-compare 270ms (cache miss)
69 silly packumentCache full:https://registry.npmjs.org/semver-compare set size:undefined disposed:false
70 http fetch GET 200 https://registry.npmjs.org/thumbhash 286ms (cache miss)
71 silly packumentCache full:https://registry.npmjs.org/thumbhash set size:undefined disposed:false
72 http fetch GET 200 https://registry.npmjs.org/react-merge-refs 287ms (cache miss)
73 silly packumentCache full:https://registry.npmjs.org/react-merge-refs set size:undefined disposed:false
74 http fetch GET 200 https://registry.npmjs.org/on-change 292ms (cache miss)
75 silly packumentCache full:https://registry.npmjs.org/on-change set size:undefined disposed:false
76 http fetch GET 200 https://registry.npmjs.org/lodash.debounce 424ms (cache miss)
77 silly packumentCache full:https://registry.npmjs.org/lodash.debounce set size:undefined disposed:false
78 http fetch GET 200 https://registry.npmjs.org/on-change 668ms (cache miss)
79 silly packumentCache full:https://registry.npmjs.org/on-change set size:undefined disposed:false
80 http fetch GET 200 https://registry.npmjs.org/blurhash 678ms (cache miss)
81 silly packumentCache full:https://registry.npmjs.org/blurhash set size:undefined disposed:false
82 silly placeDep ROOT blurhash@2.0.5 OK for: @splinetool/react-spline@4.1.0 want: 2.0.5
83 silly placeDep ROOT lodash.debounce@4.0.8 OK for: @splinetool/react-spline@4.1.0 want: 4.0.8
84 silly placeDep ROOT react-merge-refs@2.1.1 OK for: @splinetool/react-spline@4.1.0 want: 2.1.1
85 silly placeDep ROOT thumbhash@0.1.1 OK for: @splinetool/react-spline@4.1.0 want: 0.1.1
86 silly placeDep ROOT on-change@4.0.0 OK for: @splinetool/runtime@1.12.73 want: 4.0.0
87 silly placeDep ROOT semver-compare@1.0.0 OK for: @splinetool/runtime@1.12.73 want: 1.0.0
88 silly fetch manifest @swc/helpers@>=0.5.17
89 silly packumentCache full:https://registry.npmjs.org/@swc%2fhelpers cache-miss
90 http fetch GET 200 https://registry.npmjs.org/@swc%2fhelpers 132ms (cache miss)
91 silly packumentCache full:https://registry.npmjs.org/@swc%2fhelpers set size:undefined disposed:false
92 silly placeDep node_modules/next-intl @swc/helpers@0.5.20 OK for: @swc/core@1.15.21 want: >=0.5.17
93 silly reify moves {}
94 silly audit bulk request {
94 silly audit   '@alloc/quick-lru': [ '5.2.0' ],
94 silly audit   '@babel/code-frame': [ '7.29.0' ],
94 silly audit   '@babel/compat-data': [ '7.29.0' ],
94 silly audit   '@babel/core': [ '7.29.0' ],
94 silly audit   '@babel/generator': [ '7.29.1' ],
94 silly audit   '@babel/helper-compilation-targets': [ '7.28.6' ],
94 silly audit   '@babel/helper-globals': [ '7.28.0' ],
94 silly audit   '@babel/helper-module-imports': [ '7.28.6' ],
94 silly audit   '@babel/helper-module-transforms': [ '7.28.6' ],
94 silly audit   '@babel/helper-string-parser': [ '7.27.1' ],
94 silly audit   '@babel/helper-validator-identifier': [ '7.28.5' ],
94 silly audit   '@babel/helper-validator-option': [ '7.27.1' ],
94 silly audit   '@babel/helpers': [ '7.29.2' ],
94 silly audit   '@babel/parser': [ '7.29.2' ],
94 silly audit   '@babel/template': [ '7.28.6' ],
94 silly audit   '@babel/traverse': [ '7.29.0' ],
94 silly audit   '@babel/types': [ '7.29.0' ],
94 silly audit   '@emnapi/core': [ '1.9.1' ],
94 silly audit   '@emnapi/runtime': [ '1.9.1' ],
94 silly audit   '@emnapi/wasi-threads': [ '1.2.0' ],
94 silly audit   '@eslint-community/eslint-utils': [ '4.9.1' ],
94 silly audit   'eslint-visitor-keys': [ '3.4.3', '5.0.1', '4.2.1' ],
94 silly audit   '@eslint-community/regexpp': [ '4.12.2' ],
94 silly audit   '@eslint/config-array': [ '0.21.2' ],
94 silly audit   '@eslint/config-helpers': [ '0.4.2' ],
94 silly audit   '@eslint/core': [ '0.17.0' ],
94 silly audit   '@eslint/eslintrc': [ '3.3.5' ],
94 silly audit   '@eslint/js': [ '9.39.4' ],
94 silly audit   '@eslint/object-schema': [ '2.1.7' ],
94 silly audit   '@eslint/plugin-kit': [ '0.4.1' ],
94 silly audit   '@formatjs/bigdecimal': [ '0.2.0' ],
94 silly audit   '@formatjs/ecma402-abstract': [ '3.2.0' ],
94 silly audit   '@formatjs/fast-memoize': [ '3.1.1' ],
94 silly audit   '@formatjs/icu-messageformat-parser': [ '3.5.3' ],
94 silly audit   '@formatjs/icu-skeleton-parser': [ '2.1.3' ],
94 silly audit   '@formatjs/intl-localematcher': [ '0.8.2' ],
94 silly audit   '@humanfs/core': [ '0.19.1' ],
94 silly audit   '@humanfs/node': [ '0.16.7' ],
94 silly audit   '@humanwhocodes/module-importer': [ '1.0.1' ],
94 silly audit   '@humanwhocodes/retry': [ '0.4.3' ],
94 silly audit   '@img/colour': [ '1.1.0' ],
94 silly audit   '@img/sharp-darwin-arm64': [ '0.34.5' ],
94 silly audit   '@img/sharp-darwin-x64': [ '0.34.5' ],
94 silly audit   '@img/sharp-libvips-darwin-arm64': [ '1.2.4' ],
94 silly audit   '@img/sharp-libvips-darwin-x64': [ '1.2.4' ],
94 silly audit   '@img/sharp-libvips-linux-arm': [ '1.2.4' ],
94 silly audit   '@img/sharp-libvips-linux-arm64': [ '1.2.4' ],
94 silly audit   '@img/sharp-libvips-linux-ppc64': [ '1.2.4' ],
94 silly audit   '@img/sharp-libvips-linux-riscv64': [ '1.2.4' ],
94 silly audit   '@img/sharp-libvips-linux-s390x': [ '1.2.4' ],
94 silly audit   '@img/sharp-libvips-linux-x64': [ '1.2.4' ],
94 silly audit   '@img/sharp-libvips-linuxmusl-arm64': [ '1.2.4' ],
94 silly audit   '@img/sharp-libvips-linuxmusl-x64': [ '1.2.4' ],
94 silly audit   '@img/sharp-linux-arm': [ '0.34.5' ],
94 silly audit   '@img/sharp-linux-arm64': [ '0.34.5' ],
94 silly audit   '@img/sharp-linux-ppc64': [ '0.34.5' ],
94 silly audit   '@img/sharp-linux-riscv64': [ '0.34.5' ],
94 silly audit   '@img/sharp-linux-s390x': [ '0.34.5' ],
94 silly audit   '@img/sharp-linux-x64': [ '0.34.5' ],
94 silly audit   '@img/sharp-linuxmusl-arm64': [ '0.34.5' ],
94 silly audit   '@img/sharp-linuxmusl-x64': [ '0.34.5' ],
94 silly audit   '@img/sharp-wasm32': [ '0.34.5' ],
94 silly audit   '@img/sharp-win32-arm64': [ '0.34.5' ],
94 silly audit   '@img/sharp-win32-ia32': [ '0.34.5' ],
94 silly audit   '@img/sharp-win32-x64': [ '0.34.5' ],
94 silly audit   '@jridgewell/gen-mapping': [ '0.3.13' ],
94 silly audit   '@jridgewell/remapping': [ '2.3.5' ],
94 silly audit   '@jridgewell/resolve-uri': [ '3.1.2' ],
94 silly audit   '@jridgewell/sourcemap-codec': [ '1.5.5' ],
94 silly audit   '@jridgewell/trace-mapping': [ '0.3.31' ],
94 silly audit   '@napi-rs/wasm-runtime': [ '0.2.12' ],
94 silly audit   '@next/env': [ '16.2.1' ],
94 silly audit   '@next/eslint-plugin-next': [ '16.2.1' ],
94 silly audit   '@next/swc-darwin-arm64': [ '16.2.1' ],
94 silly audit   '@next/swc-darwin-x64': [ '16.2.1' ],
94 silly audit   '@next/swc-linux-arm64-gnu': [ '16.2.1' ],
94 silly audit   '@next/swc-linux-arm64-musl': [ '16.2.1' ],
94 silly audit   '@next/swc-linux-x64-gnu': [ '16.2.1' ],
94 silly audit   '@next/swc-linux-x64-musl': [ '16.2.1' ],
94 silly audit   '@next/swc-win32-arm64-msvc': [ '16.2.1' ],
94 silly audit   '@next/swc-win32-x64-msvc': [ '16.2.1' ],
94 silly audit   '@nodelib/fs.scandir': [ '2.1.5' ],
94 silly audit   '@nodelib/fs.stat': [ '2.0.5' ],
94 silly audit   '@nodelib/fs.walk': [ '1.2.8' ],
94 silly audit   '@nolyfill/is-core-module': [ '1.0.39' ],
94 silly audit   '@parcel/watcher': [ '2.5.6' ],
94 silly audit   '@parcel/watcher-android-arm64': [ '2.5.6' ],
94 silly audit   '@parcel/watcher-darwin-arm64': [ '2.5.6' ],
94 silly audit   '@parcel/watcher-darwin-x64': [ '2.5.6' ],
94 silly audit   '@parcel/watcher-freebsd-x64': [ '2.5.6' ],
94 silly audit   '@parcel/watcher-linux-arm-glibc': [ '2.5.6' ],
94 silly audit   '@parcel/watcher-linux-arm-musl': [ '2.5.6' ],
94 silly audit   '@parcel/watcher-linux-arm64-glibc': [ '2.5.6' ],
94 silly audit   '@parcel/watcher-linux-arm64-musl': [ '2.5.6' ],
94 silly audit   '@parcel/watcher-linux-x64-glibc': [ '2.5.6' ],
94 silly audit   '@parcel/watcher-linux-x64-musl': [ '2.5.6' ],
94 silly audit   '@parcel/watcher-win32-arm64': [ '2.5.6' ],
94 silly audit   '@parcel/watcher-win32-ia32': [ '2.5.6' ],
94 silly audit   '@parcel/watcher-win32-x64': [ '2.5.6' ],
94 silly audit   picomatch: [ '4.0.4', '2.3.2' ],
94 silly audit   '@rtsao/scc': [ '1.1.0' ],
94 silly audit   '@schummar/icu-type-parser': [ '1.21.5' ],
94 silly audit   '@supabase/auth-js': [ '2.101.0' ],
94 silly audit   '@supabase/functions-js': [ '2.101.0' ],
94 silly audit   '@supabase/phoenix': [ '0.4.0' ],
94 silly audit   '@supabase/postgrest-js': [ '2.101.0' ],
94 silly audit   '@supabase/realtime-js': [ '2.101.0' ],
94 silly audit   '@supabase/storage-js': [ '2.101.0' ],
94 silly audit   '@supabase/supabase-js': [ '2.101.0' ],
94 silly audit   '@swc/core-darwin-arm64': [ '1.15.21' ],
94 silly audit   '@swc/core-darwin-x64': [ '1.15.21' ],
94 silly audit   '@swc/core-linux-arm-gnueabihf': [ '1.15.21' ],
94 silly audit   '@swc/core-linux-arm64-gnu': [ '1.15.21' ],
94 silly audit   '@swc/core-linux-arm64-musl': [ '1.15.21' ],
94 silly audit   '@swc/core-linux-ppc64-gnu': [ '1.15.21' ],
94 silly audit   '@swc/core-linux-s390x-gnu': [ '1.15.21' ],
94 silly audit   '@swc/core-linux-x64-gnu': [ '1.15.21' ],
94 silly audit   '@swc/core-linux-x64-musl': [ '1.15.21' ],
94 silly audit   '@swc/core-win32-arm64-msvc': [ '1.15.21' ],
94 silly audit   '@swc/core-win32-ia32-msvc': [ '1.15.21' ],
94 silly audit   '@swc/core-win32-x64-msvc': [ '1.15.21' ],
94 silly audit   '@swc/counter': [ '0.1.3' ],
94 silly audit   '@swc/helpers': [ '0.5.15' ],
94 silly audit   '@swc/types': [ '0.1.26' ],
94 silly audit   '@tailwindcss/node': [ '4.2.2' ],
94 silly audit   '@tailwindcss/oxide': [ '4.2.2' ],
94 silly audit   '@tailwindcss/oxide-android-arm64': [ '4.2.2' ],
94 silly audit   '@tailwindcss/oxide-darwin-arm64': [ '4.2.2' ],
94 silly audit   '@tailwindcss/oxide-darwin-x64': [ '4.2.2' ],
94 silly audit   '@tailwindcss/oxide-freebsd-x64': [ '4.2.2' ],
94 silly audit   '@tailwindcss/oxide-linux-arm-gnueabihf': [ '4.2.2' ],
94 silly audit   '@tailwindcss/oxide-linux-arm64-gnu': [ '4.2.2' ],
94 silly audit   '@tailwindcss/oxide-linux-arm64-musl': [ '4.2.2' ],
94 silly audit   '@tailwindcss/oxide-linux-x64-gnu': [ '4.2.2' ],
94 silly audit   '@tailwindcss/oxide-linux-x64-musl': [ '4.2.2' ],
94 silly audit   '@tailwindcss/oxide-wasm32-wasi': [ '4.2.2' ],
94 silly audit   '@tailwindcss/oxide-win32-arm64-msvc': [ '4.2.2' ],
94 silly audit   '@tailwindcss/oxide-win32-x64-msvc': [ '4.2.2' ],
94 silly audit   '@tailwindcss/postcss': [ '4.2.2' ],
94 silly audit   '@tybys/wasm-util': [ '0.10.1' ],
94 silly audit   '@types/estree': [ '1.0.8' ],
94 silly audit   '@types/json-schema': [ '7.0.15' ],
94 silly audit   '@types/json5': [ '0.0.29' ],
94 silly audit   '@types/node': [ '20.19.37' ],
94 silly audit   '@types/react': [ '19.2.14' ],
94 silly audit   '@types/react-dom': [ '19.2.3' ],
94 silly audit   '@types/ws': [ '8.18.1' ],
94 silly audit   '@typescript-eslint/eslint-plugin': [ '8.58.0' ],
94 silly audit   ignore: [ '7.0.5', '5.3.2' ],
94 silly audit   '@typescript-eslint/parser': [ '8.58.0' ],
94 silly audit   '@typescript-eslint/project-service': [ '8.58.0' ],
94 silly audit   '@typescript-eslint/scope-manager': [ '8.58.0' ],
94 silly audit   '@typescript-eslint/tsconfig-utils': [ '8.58.0' ],
94 silly audit   '@typescript-eslint/type-utils': [ '8.58.0' ],
94 silly audit   '@typescript-eslint/types': [ '8.58.0' ],
94 silly audit   '@typescript-eslint/typescript-estree': [ '8.58.0' ],
94 silly audit   'balanced-match': [ '4.0.4', '1.0.2' ],
94 silly audit   'brace-expansion': [ '5.0.5', '1.1.13' ],
94 silly audit   minimatch: [ '10.2.5', '3.1.5' ],
94 silly audit   semver: [ '7.7.4', '6.3.1' ],
94 silly audit   '@typescript-eslint/utils': [ '8.58.0' ],
94 silly audit   '@typescript-eslint/visitor-keys': [ '8.58.0' ],
94 silly audit   '@unrs/resolver-binding-android-arm-eabi': [ '1.11.1' ],
94 silly audit   '@unrs/resolver-binding-android-arm64': [ '1.11.1' ],
94 silly audit   '@unrs/resolver-binding-darwin-arm64': [ '1.11.1' ],
94 silly audit   '@unrs/resolver-binding-darwin-x64': [ '1.11.1' ],
94 silly audit   '@unrs/resolver-binding-freebsd-x64': [ '1.11.1' ],
94 silly audit   '@unrs/resolver-binding-linux-arm-gnueabihf': [ '1.11.1' ],
94 silly audit   '@unrs/resolver-binding-linux-arm-musleabihf': [ '1.11.1' ],
94 silly audit   '@unrs/resolver-binding-linux-arm64-gnu': [ '1.11.1' ],
94 silly audit   '@unrs/resolver-binding-linux-arm64-musl': [ '1.11.1' ],
94 silly audit   '@unrs/resolver-binding-linux-ppc64-gnu': [ '1.11.1' ],
94 silly audit   '@unrs/resolver-binding-linux-riscv64-gnu': [ '1.11.1' ],
94 silly audit   '@unrs/resolver-binding-linux-riscv64-musl': [ '1.11.1' ],
94 silly audit   '@unrs/resolver-binding-linux-s390x-gnu': [ '1.11.1' ],
94 silly audit   '@unrs/resolver-binding-linux-x64-gnu': [ '1.11.1' ],
94 silly audit   '@unrs/resolver-binding-linux-x64-musl': [ '1.11.1' ],
94 silly audit   '@unrs/resolver-binding-wasm32-wasi': [ '1.11.1' ],
94 silly audit   '@unrs/resolver-binding-win32-arm64-msvc': [ '1.11.1' ],
94 silly audit   '@unrs/resolver-binding-win32-ia32-msvc': [ '1.11.1' ],
94 silly audit   '@unrs/resolver-binding-win32-x64-msvc': [ '1.11.1' ],
94 silly audit   acorn: [ '8.16.0' ],
94 silly audit   'acorn-jsx': [ '5.3.2' ],
94 silly audit   ajv: [ '6.14.0' ],
94 silly audit   'ansi-styles': [ '4.3.0' ],
94 silly audit   argparse: [ '2.0.1' ],
94 silly audit   'aria-query': [ '5.3.2' ],
94 silly audit   'array-buffer-byte-length': [ '1.0.2' ],
94 silly audit   'array-includes': [ '3.1.9' ],
94 silly audit   'array.prototype.findlast': [ '1.2.5' ],
94 silly audit   'array.prototype.findlastindex': [ '1.2.6' ],
94 silly audit   'array.prototype.flat': [ '1.3.3' ],
94 silly audit   'array.prototype.flatmap': [ '1.3.3' ],
94 silly audit   'array.prototype.tosorted': [ '1.1.4' ],
94 silly audit   'arraybuffer.prototype.slice': [ '1.0.4' ],
94 silly audit   'ast-types-flow': [ '0.0.8' ],
94 silly audit   'async-function': [ '1.0.0' ],
94 silly audit   'available-typed-arrays': [ '1.0.7' ],
94 silly audit   'axe-core': [ '4.11.2' ],
94 silly audit   'axobject-query': [ '4.1.0' ],
94 silly audit   'baseline-browser-mapping': [ '2.10.13' ],
94 silly audit   braces: [ '3.0.3' ],
94 silly audit   browserslist: [ '4.28.2' ],
94 silly audit   'call-bind': [ '1.0.8' ],
94 silly audit   'call-bind-apply-helpers': [ '1.0.2' ],
94 silly audit   'call-bound': [ '1.0.4' ],
94 silly audit   callsites: [ '3.1.0' ],
94 silly audit   'caniuse-lite': [ '1.0.30001782' ],
94 silly audit   chalk: [ '4.1.2' ],
94 silly audit   'client-only': [ '0.0.1' ],
94 silly audit   clsx: [ '2.1.1' ],
94 silly audit   'color-convert': [ '2.0.1' ],
94 silly audit   'color-name': [ '1.1.4' ],
94 silly audit   'concat-map': [ '0.0.1' ],
94 silly audit   'convert-source-map': [ '2.0.0' ],
94 silly audit   'cross-spawn': [ '7.0.6' ],
94 silly audit   csstype: [ '3.2.3' ],
94 silly audit   'damerau-levenshtein': [ '1.0.8' ],
94 silly audit   'data-view-buffer': [ '1.0.2' ],
94 silly audit   'data-view-byte-length': [ '1.0.2' ],
94 silly audit   'data-view-byte-offset': [ '1.0.1' ],
94 silly audit   debug: [ '4.4.3', '3.2.7' ],
94 silly audit   'deep-is': [ '0.1.4' ],
94 silly audit   'define-data-property': [ '1.1.4' ],
94 silly audit   'define-properties': [ '1.2.1' ],
94 silly audit   'detect-libc': [ '2.1.2' ],
94 silly audit   doctrine: [ '2.1.0' ],
94 silly audit   'dunder-proto': [ '1.0.1' ],
94 silly audit   'electron-to-chromium': [ '1.5.329' ],
94 silly audit   'emoji-regex': [ '9.2.2' ],
94 silly audit   'enhanced-resolve': [ '5.20.1' ],
94 silly audit   'es-abstract': [ '1.24.1' ],
94 silly audit   'es-define-property': [ '1.0.1' ],
94 silly audit   'es-errors': [ '1.3.0' ],
94 silly audit   'es-iterator-helpers': [ '1.3.1' ],
94 silly audit   'es-object-atoms': [ '1.1.1' ],
94 silly audit   'es-set-tostringtag': [ '2.1.0' ],
94 silly audit   'es-shim-unscopables': [ '1.1.0' ],
94 silly audit   'es-to-primitive': [ '1.3.0' ],
94 silly audit   escalade: [ '3.2.0' ],
94 silly audit   'escape-string-regexp': [ '4.0.0' ],
94 silly audit   eslint: [ '9.39.4' ],
94 silly audit   'eslint-config-next': [ '16.2.1' ],
94 silly audit   globals: [ '16.4.0', '14.0.0' ],
94 silly audit   'eslint-import-resolver-node': [ '0.3.9' ],
94 silly audit   'eslint-import-resolver-typescript': [ '3.10.1' ],
94 silly audit   'eslint-module-utils': [ '2.12.1' ],
94 silly audit   'eslint-plugin-import': [ '2.32.0' ],
94 silly audit   'eslint-plugin-jsx-a11y': [ '6.10.2' ],
94 silly audit   'eslint-plugin-react': [ '7.37.5' ],
94 silly audit   'eslint-plugin-react-hooks': [ '7.0.1' ],
94 silly audit   resolve: [ '2.0.0-next.6', '1.22.11' ],
94 silly audit   'eslint-scope': [ '8.4.0' ],
94 silly audit   espree: [ '10.4.0' ],
94 silly audit   esquery: [ '1.7.0' ],
94 silly audit   esrecurse: [ '4.3.0' ],
94 silly audit   estraverse: [ '5.3.0' ],
94 silly audit   esutils: [ '2.0.3' ],
94 silly audit   'fast-deep-equal': [ '3.1.3' ],
94 silly audit   'fast-glob': [ '3.3.1' ],
94 silly audit   'glob-parent': [ '5.1.2', '6.0.2' ],
94 silly audit   'fast-json-stable-stringify': [ '2.1.0' ],
94 silly audit   'fast-levenshtein': [ '2.0.6' ],
94 silly audit   fastq: [ '1.20.1' ],
94 silly audit   'file-entry-cache': [ '8.0.0' ],
94 silly audit   'fill-range': [ '7.1.1' ],
94 silly audit   'find-up': [ '5.0.0' ],
94 silly audit   'flat-cache': [ '4.0.1' ],
94 silly audit   flatted: [ '3.4.2' ],
94 silly audit   'for-each': [ '0.3.5' ],
94 silly audit   'framer-motion': [ '12.38.0' ],
94 silly audit   'function-bind': [ '1.1.2' ],
94 silly audit   'function.prototype.name': [ '1.1.8' ],
94 silly audit   'functions-have-names': [ '1.2.3' ],
94 silly audit   'generator-function': [ '2.0.1' ],
94 silly audit   gensync: [ '1.0.0-beta.2' ],
94 silly audit   'get-intrinsic': [ '1.3.0' ],
94 silly audit   'get-proto': [ '1.0.1' ],
94 silly audit   'get-symbol-description': [ '1.1.0' ],
94 silly audit   'get-tsconfig': [ '4.13.7' ],
94 silly audit   globalthis: [ '1.0.4' ],
94 silly audit   gopd: [ '1.2.0' ],
94 silly audit   'graceful-fs': [ '4.2.11' ],
94 silly audit   'has-bigints': [ '1.1.0' ],
94 silly audit   'has-flag': [ '4.0.0' ],
94 silly audit   'has-property-descriptors': [ '1.0.2' ],
94 silly audit   'has-proto': [ '1.2.0' ],
94 silly audit   'has-symbols': [ '1.1.0' ],
94 silly audit   'has-tostringtag': [ '1.0.2' ],
94 silly audit   hasown: [ '2.0.2' ],
94 silly audit   'hermes-estree': [ '0.25.1' ],
94 silly audit   'hermes-parser': [ '0.25.1' ],
94 silly audit   'iceberg-js': [ '0.8.1' ],
94 silly audit   'icu-minify': [ '4.8.3' ],
94 silly audit   'import-fresh': [ '3.3.1' ],
94 silly audit   imurmurhash: [ '0.1.4' ],
94 silly audit   'internal-slot': [ '1.1.0' ],
94 silly audit   'intl-messageformat': [ '11.2.0' ],
94 silly audit   'is-array-buffer': [ '3.0.5' ],
94 silly audit   'is-async-function': [ '2.1.1' ],
94 silly audit   'is-bigint': [ '1.1.0' ],
94 silly audit   'is-boolean-object': [ '1.2.2' ],
94 silly audit   'is-bun-module': [ '2.0.0' ],
94 silly audit   'is-callable': [ '1.2.7' ],
94 silly audit   'is-core-module': [ '2.16.1' ],
94 silly audit   'is-data-view': [ '1.0.2' ],
94 silly audit   'is-date-object': [ '1.1.0' ],
94 silly audit   'is-extglob': [ '2.1.1' ],
94 silly audit   'is-finalizationregistry': [ '1.1.1' ],
94 silly audit   'is-generator-function': [ '1.1.2' ],
94 silly audit   'is-glob': [ '4.0.3' ],
94 silly audit   'is-map': [ '2.0.3' ],
94 silly audit   'is-negative-zero': [ '2.0.3' ],
94 silly audit   'is-number': [ '7.0.0' ],
94 silly audit   'is-number-object': [ '1.1.1' ],
94 silly audit   'is-regex': [ '1.2.1' ],
94 silly audit   'is-set': [ '2.0.3' ],
94 silly audit   'is-shared-array-buffer': [ '1.0.4' ],
94 silly audit   'is-string': [ '1.1.1' ],
94 silly audit   'is-symbol': [ '1.1.1' ],
94 silly audit   'is-typed-array': [ '1.1.15' ],
94 silly audit   'is-weakmap': [ '2.0.2' ],
94 silly audit   'is-weakref': [ '1.1.1' ],
94 silly audit   'is-weakset': [ '2.0.4' ],
94 silly audit   isarray: [ '2.0.5' ],
94 silly audit   isexe: [ '2.0.0' ],
94 silly audit   'iterator.prototype': [ '1.1.5' ],
94 silly audit   jiti: [ '2.6.1' ],
94 silly audit   'js-tokens': [ '4.0.0' ],
94 silly audit   'js-yaml': [ '4.1.1' ],
94 silly audit   jsesc: [ '3.1.0' ],
94 silly audit   'json-buffer': [ '3.0.1' ],
94 silly audit   'json-schema-traverse': [ '0.4.1' ],
94 silly audit   'json-stable-stringify-without-jsonify': [ '1.0.1' ],
94 silly audit   json5: [ '2.2.3', '1.0.2' ],
94 silly audit   'jsx-ast-utils': [ '3.3.5' ],
94 silly audit   keyv: [ '4.5.4' ],
94 silly audit   'language-subtag-registry': [ '0.3.23' ],
94 silly audit   'language-tags': [ '1.0.9' ],
94 silly audit   levn: [ '0.4.1' ],
94 silly audit   lightningcss: [ '1.32.0' ],
94 silly audit   'lightningcss-android-arm64': [ '1.32.0' ],
94 silly audit   'lightningcss-darwin-arm64': [ '1.32.0' ],
94 silly audit   'lightningcss-darwin-x64': [ '1.32.0' ],
94 silly audit   'lightningcss-freebsd-x64': [ '1.32.0' ],
94 silly audit   'lightningcss-linux-arm-gnueabihf': [ '1.32.0' ],
94 silly audit   'lightningcss-linux-arm64-gnu': [ '1.32.0' ],
94 silly audit   'lightningcss-linux-arm64-musl': [ '1.32.0' ],
94 silly audit   'lightningcss-linux-x64-gnu': [ '1.32.0' ],
94 silly audit   'lightningcss-linux-x64-musl': [ '1.32.0' ],
94 silly audit   'lightningcss-win32-arm64-msvc': [ '1.32.0' ],
94 silly audit   'lightningcss-win32-x64-msvc': [ '1.32.0' ],
94 silly audit   'locate-path': [ '6.0.0' ],
94 silly audit   'lodash.merge': [ '4.6.2' ],
94 silly audit   'loose-envify': [ '1.4.0' ],
94 silly audit   'lru-cache': [ '5.1.1' ],
94 silly audit   'lucide-react': [ '1.7.0' ],
94 silly audit   'magic-string': [ '0.30.21' ],
94 silly audit   'math-intrinsics': [ '1.1.0' ],
94 silly audit   merge2: [ '1.4.1' ],
94 silly audit   micromatch: [ '4.0.8' ],
94 silly audit   minimist: [ '1.2.8' ],
94 silly audit   'motion-dom': [ '12.38.0' ],
94 silly audit   'motion-utils': [ '12.36.0' ],
94 silly audit   ms: [ '2.1.3' ],
94 silly audit   nanoid: [ '3.3.11' ],
94 silly audit   'napi-postinstall': [ '0.3.4' ],
94 silly audit   'natural-compare': [ '1.4.0' ],
94 silly audit   negotiator: [ '1.0.0' ],
94 silly audit   next: [ '16.2.1' ],
94 silly audit   'next-intl': [ '4.8.3' ],
94 silly audit   'next-intl-swc-plugin-extractor': [ '4.8.3' ],
94 silly audit   '@swc/core': [ '1.15.21' ],
94 silly audit   postcss: [ '8.4.31', '8.5.8' ],
94 silly audit   'node-addon-api': [ '7.1.1' ],
94 silly audit   'node-exports-info': [ '1.6.0' ],
94 silly audit   'node-releases': [ '2.0.36' ],
94 silly audit   'object-assign': [ '4.1.1' ],
94 silly audit   'object-inspect': [ '1.13.4' ],
94 silly audit   'object-keys': [ '1.1.1' ],
94 silly audit   'object.assign': [ '4.1.7' ],
94 silly audit   'object.entries': [ '1.1.9' ],
94 silly audit   'object.fromentries': [ '2.0.8' ],
94 silly audit   'object.groupby': [ '1.0.3' ],
94 silly audit   'object.values': [ '1.2.1' ],
94 silly audit   optionator: [ '0.9.4' ],
94 silly audit   'own-keys': [ '1.0.1' ],
94 silly audit   'p-limit': [ '3.1.0' ],
94 silly audit   'p-locate': [ '5.0.0' ],
94 silly audit   'parent-module': [ '1.0.1' ],
94 silly audit   'path-exists': [ '4.0.0' ],
94 silly audit   'path-key': [ '3.1.1' ],
94 silly audit   'path-parse': [ '1.0.7' ],
94 silly audit   picocolors: [ '1.1.1' ],
94 silly audit   'po-parser': [ '2.1.1' ],
94 silly audit   'possible-typed-array-names': [ '1.1.0' ],
94 silly audit   'prelude-ls': [ '1.2.1' ],
94 silly audit   'prop-types': [ '15.8.1' ],
94 silly audit   punycode: [ '2.3.1' ],
94 silly audit   'queue-microtask': [ '1.2.3' ],
94 silly audit   react: [ '19.2.4' ],
94 silly audit   'react-dom': [ '19.2.4' ],
94 silly audit   'react-is': [ '16.13.1' ],
94 silly audit   'reflect.getprototypeof': [ '1.0.10' ],
94 silly audit   'regexp.prototype.flags': [ '1.5.4' ],
94 silly audit   'resolve-from': [ '4.0.0' ],
94 silly audit   'resolve-pkg-maps': [ '1.0.0' ],
94 silly audit   reusify: [ '1.1.0' ],
94 silly audit   'run-parallel': [ '1.2.0' ],
94 silly audit   'safe-array-concat': [ '1.1.3' ],
94 silly audit   'safe-push-apply': [ '1.0.0' ],
94 silly audit   'safe-regex-test': [ '1.1.0' ],
94 silly audit   scheduler: [ '0.27.0' ],
94 silly audit   'set-function-length': [ '1.2.2' ],
94 silly audit   'set-function-name': [ '2.0.2' ],
94 silly audit   'set-proto': [ '1.0.0' ],
94 silly audit   sharp: [ '0.34.5' ],
94 silly audit   'shebang-command': [ '2.0.0' ],
94 silly audit   'shebang-regex': [ '3.0.0' ],
94 silly audit   'side-channel': [ '1.1.0' ],
94 silly audit   'side-channel-list': [ '1.0.0' ],
94 silly audit   'side-channel-map': [ '1.0.1' ],
94 silly audit   'side-channel-weakmap': [ '1.0.2' ],
94 silly audit   'source-map-js': [ '1.2.1' ],
94 silly audit   'stable-hash': [ '0.0.5' ],
94 silly audit   'stop-iteration-iterator': [ '1.1.0' ],
94 silly audit   'string.prototype.includes': [ '2.0.1' ],
94 silly audit   'string.prototype.matchall': [ '4.0.12' ],
94 silly audit   'string.prototype.repeat': [ '1.0.0' ],
94 silly audit   'string.prototype.trim': [ '1.2.10' ],
94 silly audit   'string.prototype.trimend': [ '1.0.9' ],
94 silly audit   'string.prototype.trimstart': [ '1.0.8' ],
94 silly audit   'strip-bom': [ '3.0.0' ],
94 silly audit   'strip-json-comments': [ '3.1.1' ],
94 silly audit   'styled-jsx': [ '5.1.6' ],
94 silly audit   'supports-color': [ '7.2.0' ],
94 silly audit   'supports-preserve-symlinks-flag': [ '1.0.0' ],
94 silly audit   'tailwind-merge': [ '3.5.0' ],
94 silly audit   tailwindcss: [ '4.2.2' ],
94 silly audit   tapable: [ '2.3.2' ],
94 silly audit   tinyglobby: [ '0.2.15' ],
94 silly audit   fdir: [ '6.5.0' ],
94 silly audit   'to-regex-range': [ '5.0.1' ],
94 silly audit   'ts-api-utils': [ '2.5.0' ],
94 silly audit   'tsconfig-paths': [ '3.15.0' ],
94 silly audit   tslib: [ '2.8.1' ],
94 silly audit   'type-check': [ '0.4.0' ],
94 silly audit   'typed-array-buffer': [ '1.0.3' ],
94 silly audit   'typed-array-byte-length': [ '1.0.3' ],
94 silly audit   'typed-array-byte-offset': [ '1.0.4' ],
94 silly audit   'typed-array-length': [ '1.0.7' ],
94 silly audit   typescript: [ '5.9.3' ],
94 silly audit   'typescript-eslint': [ '8.58.0' ],
94 silly audit   'unbox-primitive': [ '1.1.0' ],
94 silly audit   'undici-types': [ '6.21.0' ],
94 silly audit   'unrs-resolver': [ '1.11.1' ],
94 silly audit   'update-browserslist-db': [ '1.2.3' ],
94 silly audit   'uri-js': [ '4.4.1' ],
94 silly audit   'use-intl': [ '4.8.3' ],
94 silly audit   which: [ '2.0.2' ],
94 silly audit   'which-boxed-primitive': [ '1.1.1' ],
94 silly audit   'which-builtin-type': [ '1.2.1' ],
94 silly audit   'which-collection': [ '1.0.2' ],
94 silly audit   'which-typed-array': [ '1.1.20' ],
94 silly audit   'word-wrap': [ '1.2.5' ],
94 silly audit   ws: [ '8.20.0' ],
94 silly audit   yallist: [ '3.1.1' ],
94 silly audit   'yocto-queue': [ '0.1.0' ],
94 silly audit   zod: [ '4.3.6' ],
94 silly audit   'zod-validation-error': [ '4.0.2' ],
94 silly audit   '@splinetool/react-spline': [ '4.1.0' ],
94 silly audit   '@splinetool/runtime': [ '1.12.73' ],
94 silly audit   blurhash: [ '2.0.5' ],
94 silly audit   'lodash.debounce': [ '4.0.8' ],
94 silly audit   'react-merge-refs': [ '2.1.1' ],
94 silly audit   thumbhash: [ '0.1.1' ],
94 silly audit   'on-change': [ '4.0.0' ],
94 silly audit   'semver-compare': [ '1.0.0' ]
94 silly audit }
95 http cache on-change@https://registry.npmjs.org/on-change/-/on-change-4.0.0.tgz 1ms (cache hit)
96 http cache semver-compare@https://registry.npmjs.org/semver-compare/-/semver-compare-1.0.0.tgz 0ms (cache hit)
97 http cache thumbhash@https://registry.npmjs.org/thumbhash/-/thumbhash-0.1.1.tgz 0ms (cache hit)
98 http cache react-merge-refs@https://registry.npmjs.org/react-merge-refs/-/react-merge-refs-2.1.1.tgz 0ms (cache hit)
99 http cache lodash.debounce@https://registry.npmjs.org/lodash.debounce/-/lodash.debounce-4.0.8.tgz 0ms (cache hit)
100 http cache blurhash@https://registry.npmjs.org/blurhash/-/blurhash-2.0.5.tgz 0ms (cache hit)
101 http cache @splinetool/react-spline@https://registry.npmjs.org/@splinetool/react-spline/-/react-spline-4.1.0.tgz 0ms (cache hit)
102 http cache @splinetool/runtime@https://registry.npmjs.org/@splinetool/runtime/-/runtime-1.12.73.tgz 0ms (cache hit)
103 silly tarball no local data for on-change@https://registry.npmjs.org/on-change/-/on-change-4.0.0.tgz. Extracting by manifest.
104 silly tarball no local data for semver-compare@https://registry.npmjs.org/semver-compare/-/semver-compare-1.0.0.tgz. Extracting by manifest.
105 silly tarball no local data for thumbhash@https://registry.npmjs.org/thumbhash/-/thumbhash-0.1.1.tgz. Extracting by manifest.
106 silly tarball no local data for react-merge-refs@https://registry.npmjs.org/react-merge-refs/-/react-merge-refs-2.1.1.tgz. Extracting by manifest.
107 silly tarball no local data for lodash.debounce@https://registry.npmjs.org/lodash.debounce/-/lodash.debounce-4.0.8.tgz. Extracting by manifest.
108 silly tarball no local data for blurhash@https://registry.npmjs.org/blurhash/-/blurhash-2.0.5.tgz. Extracting by manifest.
109 silly tarball no local data for @splinetool/react-spline@https://registry.npmjs.org/@splinetool/react-spline/-/react-spline-4.1.0.tgz. Extracting by manifest.
110 silly tarball no local data for @splinetool/runtime@https://registry.npmjs.org/@splinetool/runtime/-/runtime-1.12.73.tgz. Extracting by manifest.
111 http fetch GET 200 https://registry.npmjs.org/thumbhash/-/thumbhash-0.1.1.tgz 91ms (cache miss)
112 http fetch GET 200 https://registry.npmjs.org/lodash.debounce/-/lodash.debounce-4.0.8.tgz 95ms (cache miss)
113 http fetch GET 200 https://registry.npmjs.org/semver-compare/-/semver-compare-1.0.0.tgz 98ms (cache miss)
114 http fetch GET 200 https://registry.npmjs.org/react-merge-refs/-/react-merge-refs-2.1.1.tgz 98ms (cache miss)
115 http fetch GET 200 https://registry.npmjs.org/blurhash/-/blurhash-2.0.5.tgz 100ms (cache miss)
116 http fetch GET 200 https://registry.npmjs.org/on-change/-/on-change-4.0.0.tgz 123ms (cache miss)
117 http fetch POST 200 https://registry.npmjs.org/-/npm/v1/security/advisories/bulk 253ms
118 silly audit report {}
119 http fetch GET 200 https://registry.npmjs.org/@splinetool/react-spline/-/react-spline-4.1.0.tgz 314ms (cache miss)
120 http fetch GET 200 https://registry.npmjs.org/@splinetool/runtime/-/runtime-1.12.73.tgz 1652ms (cache miss)
121 silly ADD node_modules/semver-compare
122 silly ADD node_modules/on-change
123 silly ADD node_modules/thumbhash
124 silly ADD node_modules/react-merge-refs
125 silly ADD node_modules/lodash.debounce
126 silly ADD node_modules/blurhash
127 silly ADD node_modules/@splinetool/runtime
128 silly ADD node_modules/@splinetool/react-spline
129 verbose cwd /Users/ayham/Desktop/AxentriX
130 verbose os Darwin 21.6.0
131 verbose node v24.14.0
132 verbose npm  v11.9.0
133 notice
133 notice New [33mminor[39m version of npm available! [33m11.9.0[39m -> [34m11.12.1[39m
133 notice Changelog: [34mhttps://github.com/npm/cli/releases/tag/v11.12.1[39m
133 notice To update run: [4mnpm install -g npm@11.12.1[24m
133 notice  { force: true, Symbol(proc-log.meta): true }
134 verbose exit 0
135 info ok
